\BOOKMARK [1][-]{section.1}{\376\377\000G\000i\036\333\000i\000\040\000t\000h\000i\036\307\000u\000\040\000v\036\301\000\040\000D\036\361\000\040\000\341\000n}{}% 1
\BOOKMARK [2][-]{subsection.1.1}{\376\377\000T\036\325\000n\000g\000\040\000q\000u\000a\000n}{section.1}% 2
\BOOKMARK [2][-]{subsection.1.2}{\376\377\000C\036\245\000u\000\040\000t\000r\000\372\000c\000\040\000d\036\361\000\040\000\341\000n}{section.1}% 3
\BOOKMARK [1][-]{section.2}{\376\377\000C\000\342\000u\000\040\0001\000:\000\040\000P\000h\000\342\000n\000\040\000t\000\355\000c\000h\000\040\000v\000\340\000\040\000T\000h\000i\036\277\000t\000\040\000k\036\277\000\040\000T\000e\000s\000t\000\040\000C\000a\000s\000e\000s}{}% 4
\BOOKMARK [2][-]{subsection.2.1}{\376\377\000C\000\342\000u\000\040\0001\000.\0001\000:\000\040\000L\000o\000g\000i\000n\000\040\000-\000\040\000P\000h\000\342\000n\000\040\000t\000\355\000c\000h\000\040\000v\000\340\000\040\000T\000e\000s\000t\000\040\000S\000c\000e\000n\000a\000r\000i\000o\000s\000\040\000\050\0001\0000\000\040\001\021\000i\036\303\000m\000\051\000\040}{section.2}% 5
\BOOKMARK [3][-]{subsubsection.2.1.1}{\376\377\000Y\000\352\000u\000\040\000c\036\247\000u\000\040\000\050\0005\000\040\001\021\000i\036\303\000m\000\051}{subsection.2.1}% 6
\BOOKMARK [3][-]{subsubsection.2.1.2}{\376\377\000T\000h\000i\036\277\000t\000\040\000k\036\277\000\040\000T\000e\000s\000t\000\040\000C\000a\000s\000e\000s\000\040\000c\000h\000i\000\040\000t\000i\036\277\000t\000\040\000\050\0005\000\040\001\021\000i\036\303\000m\000\051}{subsection.2.1}% 7
\BOOKMARK [2][-]{subsection.2.2}{\376\377\000C\000\342\000u\000\040\0001\000.\0002\000:\000\040\000P\000r\000o\000d\000u\000c\000t\000\040\000-\000\040\000P\000h\000\342\000n\000\040\000t\000\355\000c\000h\000\040\000v\000\340\000\040\000T\000e\000s\000t\000\040\000S\000c\000e\000n\000a\000r\000i\000o\000s\000\040\000\050\0001\0000\000\040\001\021\000i\036\303\000m\000\051}{section.2}% 8
\BOOKMARK [3][-]{subsubsection.2.2.1}{\376\377\000Y\000\352\000u\000\040\000c\036\247\000u\000\040\000\050\0005\000\040\001\021\000i\036\303\000m\000\051}{subsection.2.2}% 9
\BOOKMARK [3][-]{subsubsection.2.2.2}{\376\377\000T\000h\000i\036\277\000t\000\040\000k\036\277\000\040\000T\000e\000s\000t\000\040\000C\000a\000s\000e\000s\000\040\000c\000h\000i\000\040\000t\000i\036\277\000t\000\040\000\050\0005\000\040\001\021\000i\036\303\000m\000\051}{subsection.2.2}% 10
\BOOKMARK [1][-]{section.3}{\376\377\000C\000\342\000u\000\040\0002\000:\000\040\000U\000n\000i\000t\000\040\000T\000e\000s\000t\000i\000n\000g\000\040\000v\000\340\000\040\000T\000D\000D}{}% 11
\BOOKMARK [2][-]{subsection.3.1}{\376\377\000C\000\342\000u\000\040\0002\000.\0001\000:\000\040\000L\000o\000g\000i\000n\000\040\000-\000\040\000B\000a\000c\000k\000e\000n\000d\000\040\000U\000n\000i\000t\000\040\000T\000e\000s\000t\000s}{section.3}% 12
\BOOKMARK [3][-]{subsubsection.3.1.1}{\376\377\000F\000r\000o\000n\000t\000e\000n\000d\000\040\000U\000n\000i\000t\000\040\000T\000e\000s\000t\000s\000\040\000-\000\040\000V\000a\000l\000i\000d\000a\000t\000i\000o\000n\000\040\000L\000o\000g\000i\000n\000\040\000\050\0005\000\040\001\021\000i\036\303\000m\000\051}{subsection.3.1}% 13
\BOOKMARK [3][-]{subsubsection.3.1.2}{\376\377\000B\000a\000c\000k\000e\000n\000d\000\040\000U\000n\000i\000t\000\040\000T\000e\000s\000t\000s\000\040\000-\000\040\000L\000o\000g\000i\000n\000\040\000S\000e\000r\000v\000i\000c\000e\000\040\000\050\0005\000\040\001\021\000i\036\303\000m\000\051\000\040}{subsection.3.1}% 14
\BOOKMARK [2][-]{subsection.3.2}{\376\377\000C\000\342\000u\000\040\0002\000.\0002\000:\000\040\000P\000r\000o\000d\000u\000c\000t\000\040\000-\000\040\000U\000n\000i\000t\000\040\000T\000e\000s\000t\000s\000\040\000F\000r\000o\000n\000t\000e\000n\000d\000\040\000v\000\340\000\040\000B\000a\000c\000k\000e\000n\000d\000\040\000\050\0001\0000\000\040\001\021\000i\036\303\000m\000\051}{section.3}% 15
\BOOKMARK [3][-]{subsubsection.3.2.1}{\376\377\000F\000r\000o\000n\000t\000e\000n\000d\000\040\000U\000n\000i\000t\000\040\000T\000e\000s\000t\000s\000\040\000-\000\040\000P\000r\000o\000d\000u\000c\000t\000\040\000V\000a\000l\000i\000d\000a\000t\000i\000o\000n\000\040\000\050\0005\000\040\001\021\000i\036\303\000m\000\051}{subsection.3.2}% 16
\BOOKMARK [3][-]{subsubsection.3.2.2}{\376\377\000B\000a\000c\000k\000e\000n\000d\000\040\000U\000n\000i\000t\000\040\000T\000e\000s\000t\000s\000\040\000-\000\040\000P\000r\000o\000d\000u\000c\000t\000\040\000S\000e\000r\000v\000i\000c\000e\000\040\000\050\0005\000\040\001\021\000i\036\303\000m\000\051}{subsection.3.2}% 17
\BOOKMARK [1][-]{section.4}{\376\377\000C\000\342\000u\000\040\0003\000:\000\040\000I\000n\000t\000e\000g\000r\000a\000t\000i\000o\000n\000\040\000T\000e\000s\000t\000i\000n\000g}{}% 18
\BOOKMARK [2][-]{subsection.4.1}{\376\377\000C\000\342\000u\000\040\0003\000.\0001\000:\000\040\000L\000o\000g\000i\000n\000\040\000-\000\040\000I\000n\000t\000e\000g\000r\000a\000t\000i\000o\000n\000\040\000T\000e\000s\000t\000i\000n\000g\000\040\000\050\0001\0000\000\040\001\021\000i\036\303\000m\000\051}{section.4}% 19
\BOOKMARK [3][-]{subsubsection.4.1.1}{\376\377\000F\000r\000o\000n\000t\000e\000n\000d\000\040\000C\000o\000m\000p\000o\000n\000e\000n\000t\000\040\000I\000n\000t\000e\000g\000r\000a\000t\000i\000o\000n\000\040\000\050\0005\000\040\001\021\000i\036\303\000m\000\051}{subsection.4.1}% 20
\BOOKMARK [3][-]{subsubsection.4.1.2}{\376\377\000B\000a\000c\000k\000e\000n\000d\000\040\000A\000P\000I\000\040\000I\000n\000t\000e\000g\000r\000a\000t\000i\000o\000n\000\040\000\050\0005\000\040\001\021\000i\036\303\000m\000\051}{subsection.4.1}% 21
\BOOKMARK [2][-]{subsection.4.2}{\376\377\000C\000\342\000u\000\040\0003\000.\0002\000:\000\040\000P\000r\000o\000d\000u\000c\000t\000\040\000-\000\040\000I\000n\000t\000e\000g\000r\000a\000t\000i\000o\000n\000\040\000T\000e\000s\000t\000i\000n\000g\000\040\000\050\0001\0000\000\040\001\021\000i\036\303\000m\000\051}{section.4}% 22
\BOOKMARK [3][-]{subsubsection.4.2.1}{\376\377\000F\000r\000o\000n\000t\000e\000n\000d\000\040\000C\000o\000m\000p\000o\000n\000e\000n\000t\000\040\000I\000n\000t\000e\000g\000r\000a\000t\000i\000o\000n\000\040\000\050\0005\000\040\001\021\000i\036\303\000m\000\051}{subsection.4.2}% 23
\BOOKMARK [3][-]{subsubsection.4.2.2}{\376\377\000B\000a\000c\000k\000e\000n\000d\000\040\000A\000P\000I\000\040\000I\000n\000t\000e\000g\000r\000a\000t\000i\000o\000n\000\040\000\050\0005\000\040\001\021\000i\036\303\000m\000\051}{subsection.4.2}% 24
\BOOKMARK [1][-]{section.5}{\376\377\000C\000\342\000u\000\040\0004\000:\000\040\000M\000o\000c\000k\000\040\000T\000e\000s\000t\000i\000n\000g\000\040\000\050\0001\0000\000\040\001\021\000i\036\303\000m\000\051}{}% 25
\BOOKMARK [2][-]{subsection.5.1}{\376\377\000C\000\342\000u\000\040\0004\000.\0001\000:\000\040\000L\000o\000g\000i\000n\000\040\000-\000\040\000M\000o\000c\000k\000\040\000T\000e\000s\000t\000i\000n\000g\000\040\000\050\0005\000\040\001\021\000i\036\303\000m\000\051}{section.5}% 26
\BOOKMARK [3][-]{subsubsection.5.1.1}{\376\377\000F\000r\000o\000n\000t\000e\000n\000d\000\040\000M\000o\000c\000k\000i\000n\000g\000\040\000\050\0002\000.\0005\000\040\001\021\000i\036\303\000m\000\051}{subsection.5.1}% 27
\BOOKMARK [3][-]{subsubsection.5.1.2}{\376\377\000B\000a\000c\000k\000e\000n\000d\000\040\000M\000o\000c\000k\000i\000n\000g\000\040\000\050\0002\000.\0005\000\040\001\021\000i\036\303\000m\000\051}{subsection.5.1}% 28
\BOOKMARK [2][-]{subsection.5.2}{\376\377\000C\000\342\000u\000\040\0004\000.\0002\000:\000\040\000P\000r\000o\000d\000u\000c\000t\000\040\000-\000\040\000M\000o\000c\000k\000\040\000T\000e\000s\000t\000i\000n\000g\000\040\000\050\0005\000\040\001\021\000i\036\303\000m\000\051}{section.5}% 29
\BOOKMARK [3][-]{subsubsection.5.2.1}{\376\377\000F\000r\000o\000n\000t\000e\000n\000d\000\040\000M\000o\000c\000k\000i\000n\000g\000\040\000\050\0002\000.\0005\000\040\001\021\000i\036\303\000m\000\051}{subsection.5.2}% 30
\BOOKMARK [3][-]{subsubsection.5.2.2}{\376\377\000B\000a\000c\000k\000e\000n\000d\000\040\000M\000o\000c\000k\000i\000n\000g\000\040\000\050\0002\000.\0005\000\040\001\021\000i\036\303\000m\000\051}{subsection.5.2}% 31
\BOOKMARK [1][-]{section.6}{\376\377\000C\000\342\000u\000\040\0005\000:\000\040\000A\000u\000t\000o\000m\000a\000t\000i\000o\000n\000\040\000T\000e\000s\000t\000i\000n\000g\000\040\000v\000\340\000\040\000C\000I\000/\000C\000D\000\040\000\050\0001\0000\000\040\001\021\000i\036\303\000m\000\051}{}% 32
\BOOKMARK [2][-]{subsection.6.1}{\376\377\000C\000\342\000u\000\040\0005\000.\0001\000:\000\040\000L\000o\000g\000i\000n\000\040\000-\000\040\000E\0002\000E\000\040\000A\000u\000t\000o\000m\000a\000t\000i\000o\000n\000\040\000T\000e\000s\000t\000i\000n\000g\000\040\000\050\0005\000\040\001\021\000i\036\303\000m\000\051}{section.6}% 33
\BOOKMARK [3][-]{subsubsection.6.1.1}{\376\377\000S\000e\000t\000u\000p\000\040\000v\000\340\000\040\000C\000o\000n\000f\000i\000g\000u\000r\000a\000t\000i\000o\000n\000\040\000\050\0001\000\040\001\021\000i\036\303\000m\000\051\000\040}{subsection.6.1}% 34
\BOOKMARK [3][-]{subsubsection.6.1.2}{\376\377\000E\0002\000E\000\040\000T\000e\000s\000t\000\040\000S\000c\000e\000n\000a\000r\000i\000o\000s\000\040\000c\000h\000o\000\040\000L\000o\000g\000i\000n\000\040\000\050\0002\000.\0005\000\040\001\021\000i\036\303\000m\000\051}{subsection.6.1}% 35
\BOOKMARK [3][-]{subsubsection.6.1.3}{\376\377\000C\000I\000/\000C\000D\000\040\000I\000n\000t\000e\000g\000r\000a\000t\000i\000o\000n\000\040\000c\000h\000o\000\040\000L\000o\000g\000i\000n\000\040\000T\000e\000s\000t\000s\000\040\000\050\0001\000.\0005\000\040\001\021\000i\036\303\000m\000\051\000\040}{subsection.6.1}% 36
\BOOKMARK [2][-]{subsection.6.2}{\376\377\000C\000\342\000u\000\040\0005\000.\0002\000:\000\040\000P\000r\000o\000d\000u\000c\000t\000\040\000-\000\040\000E\0002\000E\000\040\000A\000u\000t\000o\000m\000a\000t\000i\000o\000n\000\040\000T\000e\000s\000t\000i\000n\000g\000\040\000\050\0005\000\040\001\021\000i\036\303\000m\000\051}{section.6}% 37
\BOOKMARK [3][-]{subsubsection.6.2.1}{\376\377\000S\000e\000t\000u\000p\000\040\000P\000a\000g\000e\000\040\000O\000b\000j\000e\000c\000t\000\040\000M\000o\000d\000e\000l\000\040\000\050\0001\000\040\001\021\000i\036\303\000m\000\051}{subsection.6.2}% 38
\BOOKMARK [3][-]{subsubsection.6.2.2}{\376\377\000E\0002\000E\000\040\000T\000e\000s\000t\000\040\000S\000c\000e\000n\000a\000r\000i\000o\000s\000\040\000c\000h\000o\000\040\000P\000r\000o\000d\000u\000c\000t\000\040\000\050\0002\000.\0005\000\040\001\021\000i\036\303\000m\000\051}{subsection.6.2}% 39
\BOOKMARK [3][-]{subsubsection.6.2.3}{\376\377\000C\000I\000/\000C\000D\000\040\000I\000n\000t\000e\000g\000r\000a\000t\000i\000o\000n\000\040\000\050\0001\000.\0005\000\040\001\021\000i\036\303\000m\000\051}{subsection.6.2}% 40
\BOOKMARK [1][-]{section.7}{\376\377\000P\000h\036\247\000n\000\040\000M\036\337\000\040\000R\036\331\000n\000g\000\040\000\050\000B\000o\000n\000u\000s\000\040\0002\0000\000\040\001\021\000i\036\303\000m\000\051}{}% 41
\BOOKMARK [2][-]{subsection.7.1}{\376\377\000P\000e\000r\000f\000o\000r\000m\000a\000n\000c\000e\000\040\000T\000e\000s\000t\000i\000n\000g\000\040\000\050\0001\0000\000\040\001\021\000i\036\303\000m\000\051}{section.7}% 42
\BOOKMARK [3][-]{subsubsection.7.1.1}{\376\377\000Y\000\352\000u\000\040\000c\036\247\000u}{subsection.7.1}% 43
\BOOKMARK [2][-]{subsection.7.2}{\376\377\000S\000e\000c\000u\000r\000i\000t\000y\000\040\000T\000e\000s\000t\000i\000n\000g\000\040\000\050\0001\0000\000\040\001\021\000i\036\303\000m\000\051}{section.7}% 44
\BOOKMARK [3][-]{subsubsection.7.2.1}{\376\377\000Y\000\352\000u\000\040\000c\036\247\000u}{subsection.7.2}% 45
